<?xml version="1.0" encoding="UTF-8" ?>
<testsuite tests="16" failures="2" name="ca.yorku.eecs.AppTest" time="1.229" errors="0" skipped="0">
  <properties>
[...]
</properties>
  <testcase classname="ca.yorku.eecs.AppTest" name="addActorPass" time="0.5">
    <failure message="expected:&lt;200&gt; but was:&lt;400&gt;" type="junit.framework.AssertionFailedError">junit.framework.AssertionFailedError: expected:&lt;200&gt; but was:&lt;400&gt;
	at junit.framework.Assert.fail(Assert.java:47)
	at junit.framework.Assert.failNotEquals(Assert.java:282)
	at junit.framework.Assert.assertEquals(Assert.java:64)
	at junit.framework.Assert.assertEquals(Assert.java:201)
	at junit.framework.Assert.assertEquals(Assert.java:207)
	at ca.yorku.eecs.AppTest.addActorPass(AppTest.java:77)
</failure>
  </testcase>
  <testcase classname="ca.yorku.eecs.AppTest" name="addActorFail" time="0.006"/>
  <testcase classname="ca.yorku.eecs.AppTest" name="addMoviePass" time="0.016">
    <failure message="expected:&lt;200&gt; but was:&lt;400&gt;" type="junit.framework.AssertionFailedError">junit.framework.AssertionFailedError: expected:&lt;200&gt; but was:&lt;400&gt;
	at junit.framework.Assert.fail(Assert.java:47)
	at junit.framework.Assert.failNotEquals(Assert.java:282)
	at junit.framework.Assert.assertEquals(Assert.java:64)
	at junit.framework.Assert.assertEquals(Assert.java:201)
	at junit.framework.Assert.assertEquals(Assert.java:207)
	at ca.yorku.eecs.AppTest.addMoviePass(AppTest.java:100)
</failure>
  </testcase>
  <testcase classname="ca.yorku.eecs.AppTest" name="addMovieFail" time="0.007"/>
  <testcase classname="ca.yorku.eecs.AppTest" name="addRelationshipPass" time="0.017"/>
  <testcase classname="ca.yorku.eecs.AppTest" name="addRelationshipFail" time="0.005"/>
  <testcase classname="ca.yorku.eecs.AppTest" name="getActorPass" time="0.654"/>
  <testcase classname="ca.yorku.eecs.AppTest" name="getActorFail" time="0"/>
  <testcase classname="ca.yorku.eecs.AppTest" name="getMoviePass" time="0.008"/>
  <testcase classname="ca.yorku.eecs.AppTest" name="getMovieFail" time="0"/>
  <testcase classname="ca.yorku.eecs.AppTest" name="hasRelationshipPass" time="0.007"/>
  <testcase classname="ca.yorku.eecs.AppTest" name="hasRelationshipFail" time="0"/>
  <testcase classname="ca.yorku.eecs.AppTest" name="computeBaconNumberPass" time="0.004"/>
  <testcase classname="ca.yorku.eecs.AppTest" name="computeBaconNumberFail" time="0"/>
  <testcase classname="ca.yorku.eecs.AppTest" name="computeBaconPathPass" time="0.005"/>
  <testcase classname="ca.yorku.eecs.AppTest" name="computeBaconPathFail" time="0"/>
</testsuite>